<?xml version="1.0" encoding="UTF-8" ?>
<testsuite tests="1" failures="0" name="com.abinash.date_time_calculator.AppTest" time="0.001" errors="0" skipped="0">
  <properties>
    <property name="java.vendor" value="Eclipse OpenJ9"/>
    <property name="sun.java.launcher" value="SUN_STANDARD"/>
    <property name="os.name" value="Mac OS X"/>
    <property name="sun.boot.class.path" value="/Library/Java/JavaVirtualMachines/adoptopenjdk-8-openj9.jdk/Contents/Home/jre/lib/compressedrefs/jclSC180/vm.jar:/Library/Java/JavaVirtualMachines/adoptopenjdk-8-openj9.jdk/Contents/Home/jre/lib/se-service.jar:/Library/Java/JavaVirtualMachines/adoptopenjdk-8-openj9.jdk/Contents/Home/jre/lib/rt.jar:/Library/Java/JavaVirtualMachines/adoptopenjdk-8-openj9.jdk/Contents/Home/jre/lib/resources.jar:/Library/Java/JavaVirtualMachines/adoptopenjdk-8-openj9.jdk/Contents/Home/jre/lib/jsse.jar:/Library/Java/JavaVirtualMachines/adoptopenjdk-8-openj9.jdk/Contents/Home/jre/lib/charsets.jar:/Library/Java/JavaVirtualMachines/adoptopenjdk-8-openj9.jdk/Contents/Home/jre/lib/jce.jar"/>
    <property name="java.vm.specification.vendor" value="Oracle Corporation"/>
    <property name="java.runtime.version" value="1.8.0_242-b08"/>
    <property name="user.name" value="abinash"/>
    <property name="java.compiler" value="j9jit29"/>
    <property name="os.encoding" value="UTF-8"/>
    <property name="guice.disable.misplaced.annotation.check" value="true"/>
    <property name="com.ibm.util.extralibs.properties" value=""/>
    <property name="com.ibm.jcl.checkClassPath" value=""/>
    <property name="user.language" value="en"/>
    <property name="com.ibm.oti.vm.bootstrap.library.path" value="/Library/Java/JavaVirtualMachines/adoptopenjdk-8-openj9.jdk/Contents/Home/jre/lib/compressedrefs:/Library/Java/JavaVirtualMachines/adoptopenjdk-8-openj9.jdk/Contents/Home/jre/lib"/>
    <property name="sun.boot.library.path" value="/Library/Java/JavaVirtualMachines/adoptopenjdk-8-openj9.jdk/Contents/Home/jre/lib/compressedrefs:/Library/Java/JavaVirtualMachines/adoptopenjdk-8-openj9.jdk/Contents/Home/jre/lib"/>
    <property name="classworlds.conf" value="/Users/abinash/maven/apache-maven-3.6.3/bin/m2.conf"/>
    <property name="jdk.extensions.version" value="8.0.242.0"/>
    <property name="java.version" value="1.8.0_242"/>
    <property name="user.timezone" value="Asia/Kolkata"/>
    <property name="com.ibm.system.agent.path" value="/Library/Java/JavaVirtualMachines/adoptopenjdk-8-openj9.jdk/Contents/Home/jre/lib"/>
    <property name="sun.arch.data.model" value="64"/>
    <property name="com.ibm.zero.version" value="2"/>
    <property name="java.endorsed.dirs" value="/Library/Java/JavaVirtualMachines/adoptopenjdk-8-openj9.jdk/Contents/Home/jre/lib/endorsed"/>
    <property name="com.ibm.oti.vm.library.version" value="29"/>
    <property name="sun.jnu.encoding" value="UTF-8"/>
    <property name="file.encoding.pkg" value="sun.io"/>
    <property name="file.separator" value="/"/>
    <property name="java.specification.name" value="Java Platform API Specification"/>
    <property name="maven.conf" value="/Users/abinash/maven/apache-maven-3.6.3/conf"/>
    <property name="java.class.version" value="52.0"/>
    <property name="user.country" value="US"/>
    <property name="java.home" value="/Library/Java/JavaVirtualMachines/adoptopenjdk-8-openj9.jdk/Contents/Home/jre"/>
    <property name="java.vm.info" value="JRE 1.8.0 Mac OS X amd64-64-Bit Compressed References 20200122_439 (JIT enabled, AOT enabled)
OpenJ9   - 51a5857d2
OMR      - 7a1b0239a
JCL      - 8cf8a30581 based on jdk8u242-b08"/>
    <property name="os.version" value="10.15.6"/>
    <property name="path.separator" value=":"/>
    <property name="java.vm.version" value="openj9-0.18.1"/>
    <property name="user.variant" value=""/>
    <property name="java.awt.printerjob" value="sun.lwawt.macosx.CPrinterJob"/>
    <property name="jdk.extensions.name" value="Extensions for OpenJDK for Eclipse OpenJ9"/>
    <property name="sun.io.unicode.encoding" value="UnicodeLittle"/>
    <property name="awt.toolkit" value="sun.lwawt.macosx.LWCToolkit"/>
    <property name="ibm.signalhandling.sigint" value="true"/>
    <property name="user.home" value="/Users/abinash"/>
    <property name="com.ibm.cpu.endian" value="little"/>
    <property name="java.specification.vendor" value="Oracle Corporation"/>
    <property name="ibm.signalhandling.sigchain" value="true"/>
    <property name="library.jansi.path" value="/Users/abinash/maven/apache-maven-3.6.3/lib/jansi-native"/>
    <property name="java.library.path" value="/Library/Java/JavaVirtualMachines/adoptopenjdk-8-openj9.jdk/Contents/Home/jre/lib/compressedrefs:/Library/Java/JavaVirtualMachines/adoptopenjdk-8-openj9.jdk/Contents/Home/jre/lib:/usr/lib"/>
    <property name="java.vendor.url" value="http://www.eclipse.org/openj9"/>
    <property name="java.vm.vendor" value="Eclipse OpenJ9"/>
    <property name="java.fullversion" value="1.8.0_242-b08
JRE 1.8.0 Mac OS X amd64-64-Bit Compressed References 20200122_439 (JIT enabled, AOT enabled)
OpenJ9   - 51a5857d2
OMR      - 7a1b0239a
JCL      - 8cf8a30581 based on jdk8u242-b08"/>
    <property name="maven.home" value="/Users/abinash/maven/apache-maven-3.6.3"/>
    <property name="java.runtime.name" value="OpenJDK Runtime Environment"/>
    <property name="sun.java.command" value="org.codehaus.plexus.classworlds.launcher.Launcher -o install"/>
    <property name="java.class.path" value="/Users/abinash/maven/apache-maven-3.6.3/boot/plexus-classworlds-2.6.0.jar"/>
    <property name="java.vm.specification.name" value="Java Virtual Machine Specification"/>
    <property name="java.vm.specification.version" value="1.8"/>
    <property name="sun.cpu.endian" value="little"/>
    <property name="java.io.tmpdir" value="/var/folders/fq/kwvlp9qx6xxc_tvr7b3bx9kr0000gn/T/"/>
    <property name="maven.multiModuleProjectDirectory" value="/Users/abinash/publicis2.0/DateTimeCalculator/date-time-calculator"/>
    <property name="ibm.system.encoding" value="UTF-8"/>
    <property name="os.arch" value="x86_64"/>
    <property name="java.awt.graphicsenv" value="sun.awt.CGraphicsEnvironment"/>
    <property name="ibm.signalhandling.rs" value="false"/>
    <property name="java.ext.dirs" value="/Library/Java/JavaVirtualMachines/adoptopenjdk-8-openj9.jdk/Contents/Home/jre/lib/ext"/>
    <property name="user.dir" value="/Users/abinash/publicis2.0/DateTimeCalculator/date-time-calculator"/>
    <property name="line.separator" value="
"/>
    <property name="java.vm.name" value="Eclipse OpenJ9 VM"/>
    <property name="com.ibm.oti.shared.enabled" value="false"/>
    <property name="com.ibm.vm.bitmode" value="64"/>
    <property name="file.encoding" value="UTF-8"/>
    <property name="com.ibm.oti.configuration" value="scar"/>
    <property name="java.specification.version" value="1.8"/>
  </properties>
  <testcase classname="com.abinash.date_time_calculator.AppTest" name="testApp" time="0.001"/>
</testsuite>